<?xml version="1.0" encoding="UTF-8"?>
<!-- Generated by org.testng.reporters.JUnitReportReporter -->
<testsuite hostname="LMPITSHSNH6Q3" failures="0" tests="1" name="WWproduct.testCases.Verify_ProcessedWorkflow" time="385.939" errors="0" timestamp="2024-03-19T23:10:42 IST" skipped="0">
  <testcase classname="WWproduct.testCases.Verify_ProcessedWorkflow" name="login" time="385.939"/>
  <system-out/>
</testsuite> <!-- WWproduct.testCases.Verify_ProcessedWorkflow -->
