<?xml version="1.0" encoding="UTF-8"?>
<!-- Generated by org.testng.reporters.JUnitReportReporter -->
<testsuite hostname="LMPITSHSNH6Q3" failures="0" tests="1" name="WWproduct.testCases.Verify_CaseAllocationPage" time="107.759" errors="0" timestamp="2024-04-05T21:29:20 IST" skipped="0">
  <testcase classname="WWproduct.testCases.Verify_CaseAllocationPage" name="login" time="107.759"/>
  <system-out/>
</testsuite> <!-- WWproduct.testCases.Verify_CaseAllocationPage -->
