<?xml version="1.0" encoding="UTF-8"?>
<!-- Generated by org.testng.reporters.JUnitReportReporter -->
<testsuite hostname="LMPITSHSNH6Q3" failures="0" tests="1" name="WWproduct.testCases.Verify_CaseAllocationPage_peripheralActivity_switchTeams" time="315.402" errors="0" timestamp="2024-04-08T16:57:39 IST" skipped="0">
  <testcase classname="WWproduct.testCases.Verify_CaseAllocationPage_peripheralActivity_switchTeams" name="login" time="315.402"/>
  <system-out/>
</testsuite> <!-- WWproduct.testCases.Verify_CaseAllocationPage_peripheralActivity_switchTeams -->
