<?xml version="1.0" encoding="UTF-8"?>
<!-- Generated by org.testng.reporters.JUnitReportReporter -->
<testsuite skipped="0" hostname="LMPITSHSNH6Q3" name="WWproduct.testCases.VerifyLoginTo_WWproductTest" tests="1" failures="0" timestamp="2024-05-22T12:29:56 IST" time="16.951" errors="0">
  <testcase name="login" time="16.951" classname="WWproduct.testCases.VerifyLoginTo_WWproductTest"/>
  <system-out/>
</testsuite> <!-- WWproduct.testCases.VerifyLoginTo_WWproductTest -->
