<?xml version="1.0" encoding="UTF-8"?>
<!-- Generated by org.testng.reporters.JUnitReportReporter -->
<testsuite hostname="LMPITSHSNH6Q3" failures="0" tests="1" name="WWproduct.testCases.Verify_usermanagement" time="258.454" errors="0" timestamp="2024-04-07T23:55:11 IST" skipped="0">
  <testcase classname="WWproduct.testCases.Verify_usermanagement" name="login" time="258.454"/>
  <system-out/>
</testsuite> <!-- WWproduct.testCases.Verify_usermanagement -->
