<?xml version="1.0" encoding="UTF-8"?>
<!-- Generated by org.testng.reporters.JUnitReportReporter -->
<testsuite hostname="LMPITSHSNH6Q3" failures="0" tests="1" name="WWproduct.testCases.VerifyMyraisedCases" time="87.690" errors="0" timestamp="2024-04-02T23:47:22 IST" skipped="0">
  <testcase classname="WWproduct.testCases.VerifyMyraisedCases" name="login" time="87.690"/>
  <system-out/>
</testsuite> <!-- WWproduct.testCases.VerifyMyraisedCases -->
