<?xml version="1.0" encoding="UTF-8"?>
<!-- Generated by org.testng.reporters.JUnitReportReporter -->
<testsuite skipped="0" hostname="LMPITSHSNH6Q3" name="WWproduct.testCases.Verify_Processed_quality_authorization_WorkflowTest" tests="1" failures="0" timestamp="2024-05-29T18:54:29 IST" time="392.410" errors="0">
  <testcase name="login" time="392.410" classname="WWproduct.testCases.Verify_Processed_quality_authorization_WorkflowTest"/>
  <system-out/>
</testsuite> <!-- WWproduct.testCases.Verify_Processed_quality_authorization_WorkflowTest -->
