<?xml version="1.0" encoding="UTF-8"?>
<!-- Generated by org.testng.reporters.JUnitReportReporter -->
<testsuite hostname="LMPITSHSNH6Q3" failures="0" tests="1" name="WWproduct.testCases.Verify_CaseCreation_Through_Interface" time="110.464" errors="0" timestamp="2024-03-09T16:45:30 IST" skipped="0">
  <testcase classname="WWproduct.testCases.Verify_CaseCreation_Through_Interface" name="login" time="110.464"/>
  <system-out/>
</testsuite> <!-- WWproduct.testCases.Verify_CaseCreation_Through_Interface -->
