<?xml version="1.0" encoding="UTF-8"?>
<!-- Generated by org.testng.reporters.JUnitReportReporter -->
<testsuite hostname="LMPITSHSNH6Q3" failures="0" tests="1" name="WWproduct.testCases.VerifyLoginTo_WWproductTest" time="14.041" errors="0" timestamp="2024-05-16T15:59:43 IST" skipped="0">
  <testcase classname="WWproduct.testCases.VerifyLoginTo_WWproductTest" name="login" time="14.041"/>
  <system-out/>
</testsuite> <!-- WWproduct.testCases.VerifyLoginTo_WWproductTest -->
