<?xml version="1.0" encoding="UTF-8"?>
<!-- Generated by org.testng.reporters.JUnitReportReporter -->
<testsuite skipped="0" hostname="LMPITSHSNH6Q3" name="WWproduct.testCases.Verify_External_Query_WorkflowTest" tests="1" failures="0" timestamp="2024-08-29T17:53:39 IST" time="49.057" errors="0">
  <testcase name="verify_External_Query_Workflow" time="49.057" classname="WWproduct.testCases.Verify_External_Query_WorkflowTest"/>
  <system-out/>
</testsuite> <!-- WWproduct.testCases.Verify_External_Query_WorkflowTest -->
