<?xml version="1.0" encoding="UTF-8"?>
<!-- Generated by org.testng.reporters.JUnitReportReporter -->
<testsuite hostname="LMPITSHSNH6Q3" failures="0" tests="1" name="WWproduct.testCases.Verify_PendAndReject_workflowOf_caseTest" time="202.669" errors="0" timestamp="2024-05-09T22:04:24 IST" skipped="0">
  <testcase classname="WWproduct.testCases.Verify_PendAndReject_workflowOf_caseTest" name="login" time="202.669"/>
  <system-out/>
</testsuite> <!-- WWproduct.testCases.Verify_PendAndReject_workflowOf_caseTest -->
