<?xml version="1.0" encoding="UTF-8"?>
<!-- Generated by org.testng.reporters.JUnitReportReporter -->
<testsuite hostname="LMPITSHSNH6Q3" failures="0" tests="1" name="WWproduct.testCases.verify_query_forward_externalquery_close_workflow" time="454.227" errors="0" timestamp="2024-04-08T16:32:14 IST" skipped="0">
  <testcase classname="WWproduct.testCases.verify_query_forward_externalquery_close_workflow" name="login" time="454.227"/>
  <system-out/>
</testsuite> <!-- WWproduct.testCases.verify_query_forward_externalquery_close_workflow -->
