<?xml version="1.0" encoding="UTF-8"?>
<!-- Generated by org.testng.reporters.JUnitReportReporter -->
<testsuite hostname="LMPITSHSNH6Q3" failures="0" tests="1" name="WWproduct.testCases.verify_queryWorkflow" time="297.264" errors="0" timestamp="2024-03-21T19:10:02 IST" skipped="0">
  <testcase classname="WWproduct.testCases.verify_queryWorkflow" name="login" time="297.264"/>
  <system-out/>
</testsuite> <!-- WWproduct.testCases.verify_queryWorkflow -->
