<?xml version="1.0" encoding="UTF-8"?>
<!-- Generated by org.testng.reporters.JUnitReportReporter -->
<testsuite hostname="LMPITSHSNH6Q3" failures="0" tests="1" name="WWproduct.testCases.Verify_PendAndReject_workflowOf_caseTest" time="147.051" errors="0" timestamp="2024-05-09T21:52:08 IST" skipped="0">
  <testcase classname="WWproduct.testCases.Verify_PendAndReject_workflowOf_caseTest" name="login" time="147.051"/>
  <system-out/>
</testsuite> <!-- WWproduct.testCases.Verify_PendAndReject_workflowOf_caseTest -->
