<?xml version="1.0" encoding="UTF-8"?>
<!-- Generated by org.testng.reporters.JUnitReportReporter -->
<testsuite hostname="LMPITSHSNH6Q3" failures="0" tests="1" name="WWproduct.testCases.VerifyLoginTo_WWproductTest" time="13.494" errors="0" timestamp="2024-05-15T17:32:26 IST" skipped="0">
  <testcase classname="WWproduct.testCases.VerifyLoginTo_WWproductTest" name="login" time="13.494"/>
  <system-out/>
</testsuite> <!-- WWproduct.testCases.VerifyLoginTo_WWproductTest -->
