<?xml version="1.0" encoding="UTF-8"?>
<!-- Generated by org.testng.reporters.JUnitReportReporter -->
<testsuite hostname="LMPITSHSNH6Q3" failures="0" tests="1" name="WWproduct.testCases.Verify_PendAndReject_workflowOf_case" time="123.034" errors="0" timestamp="2024-04-19T14:06:27 IST" skipped="0">
  <testcase classname="WWproduct.testCases.Verify_PendAndReject_workflowOf_case" name="login" time="123.034"/>
  <system-out/>
</testsuite> <!-- WWproduct.testCases.Verify_PendAndReject_workflowOf_case -->
