<?xml version="1.0" encoding="UTF-8"?>
<!-- Generated by org.testng.reporters.JUnitReportReporter -->
<testsuite skipped="0" hostname="LMPITSHSNH6Q3" name="WWproduct.testCases.Verify_PendAndReject_workflowOf_caseTest" tests="1" failures="0" timestamp="2024-10-24T18:08:04 IST" time="120.531" errors="0">
  <testcase name="login" time="120.531" classname="WWproduct.testCases.Verify_PendAndReject_workflowOf_caseTest"/>
  <system-out/>
</testsuite> <!-- WWproduct.testCases.Verify_PendAndReject_workflowOf_caseTest -->
