<?xml version="1.0" encoding="UTF-8"?>
<!-- Generated by org.testng.reporters.JUnitReportReporter -->
<testsuite hostname="LMPITSHSNH6Q3" failures="0" tests="1" name="WWproduct.testCases.VerifyQueryDashboard_and_Reopeningofquery" time="387.727" errors="0" timestamp="2024-04-04T22:45:47 IST" skipped="0">
  <testcase classname="WWproduct.testCases.VerifyQueryDashboard_and_Reopeningofquery" name="login" time="387.727"/>
  <system-out/>
</testsuite> <!-- WWproduct.testCases.VerifyQueryDashboard_and_Reopeningofquery -->
