<?xml version="1.0" encoding="UTF-8"?>
<!-- Generated by org.testng.reporters.JUnitReportReporter -->
<testsuite hostname="LMPITSHSNH6Q3" failures="0" tests="1" name="WWproduct.testCases.VerifyLoginTo_WWproductTest" time="18.226" errors="0" timestamp="2024-05-17T22:25:00 IST" skipped="0">
  <testcase classname="WWproduct.testCases.VerifyLoginTo_WWproductTest" name="login" time="18.226"/>
  <system-out/>
</testsuite> <!-- WWproduct.testCases.VerifyLoginTo_WWproductTest -->
