<?xml version="1.0" encoding="UTF-8"?>
<!-- Generated by org.testng.reporters.JUnitReportReporter -->
<testsuite hostname="LMPITSHSNH6Q3" failures="0" tests="1" name="WWproduct.testCases.verify_user_creates_newQuery_ThroughQuerymanagementPage" time="46.132" errors="0" timestamp="2024-01-19T18:46:57 IST" skipped="0">
  <testcase classname="WWproduct.testCases.verify_user_creates_newQuery_ThroughQuerymanagementPage" name="login" time="46.132"/>
  <system-out/>
</testsuite> <!-- WWproduct.testCases.verify_user_creates_newQuery_ThroughQuerymanagementPage -->
