<?xml version="1.0" encoding="UTF-8"?>
<!-- Generated by org.testng.reporters.JUnitReportReporter -->
<testsuite hostname="LMPITSHSNH6Q3" failures="0" tests="1" name="WWproduct.testCases.verify_Query_pend_complete_reject_workflow" time="356.102" errors="0" timestamp="2024-04-08T16:23:53 IST" skipped="0">
  <testcase classname="WWproduct.testCases.verify_Query_pend_complete_reject_workflow" name="login" time="356.102"/>
  <system-out/>
</testsuite> <!-- WWproduct.testCases.verify_Query_pend_complete_reject_workflow -->
