<?xml version="1.0" encoding="UTF-8"?>
<!-- Generated by org.testng.reporters.JUnitReportReporter -->
<testsuite hostname="LMPITSHSNH6Q3" failures="0" tests="1" name="WWproduct.testCases.VerifyQueryDashboard_and_Reopeningofquery_QueryAllocationPage" time="405.788" errors="0" timestamp="2024-04-08T16:39:50 IST" skipped="0">
  <testcase classname="WWproduct.testCases.VerifyQueryDashboard_and_Reopeningofquery_QueryAllocationPage" name="login" time="405.788"/>
  <system-out/>
</testsuite> <!-- WWproduct.testCases.VerifyQueryDashboard_and_Reopeningofquery_QueryAllocationPage -->
