<?xml version="1.0" encoding="UTF-8"?>
<!-- Generated by org.testng.reporters.JUnitReportReporter -->
<testsuite hostname="LMPITSHSNH6Q3" failures="0" tests="1" name="WWproduct.testCases.Verify_Processed_quality_authorization_Workflow" time="424.904" errors="0" timestamp="2024-04-08T16:50:35 IST" skipped="0">
  <testcase classname="WWproduct.testCases.Verify_Processed_quality_authorization_Workflow" name="login" time="424.904"/>
  <system-out/>
</testsuite> <!-- WWproduct.testCases.Verify_Processed_quality_authorization_Workflow -->
