<?xml version="1.0" encoding="UTF-8"?>
<!-- Generated by org.testng.reporters.JUnitReportReporter -->
<testsuite skipped="0" hostname="LMPITSHSNH6Q3" name="WWproduct.testCases.VerifyLoginTo_WWproductTest" tests="1" failures="0" timestamp="24 May 2024 18:30:04 GMT" time="13.502" errors="0">
  <testcase name="login" time="13.502" classname="WWproduct.testCases.VerifyLoginTo_WWproductTest"/>
</testsuite> <!-- WWproduct.testCases.VerifyLoginTo_WWproductTest -->
